Compiling design (CSG Products normalization)...
Normalized CSG tree has 169 elements
Geometries in cache: 250
Geometry cache size in bytes: 7227008
CGAL Polyhedrons in cache: 23
CGAL cache size in bytes: 90682816
Total rendering time: 0:04:17.084
Compiling design (CSG Products normalization)...
Normalized CSG tree has 169 elements
Geometries in cache: 250
Geometry cache size in bytes: 7221680
CGAL Polyhedrons in cache: 23
CGAL cache size in bytes: 90682816
Total rendering time: 0:03:38.746
Compiling design (CSG Products normalization)...
Normalized CSG tree has 169 elements
Geometries in cache: 250
Geometry cache size in bytes: 7228448
CGAL Polyhedrons in cache: 23
CGAL cache size in bytes: 90682816
Total rendering time: 0:04:50.938
Compiling design (CSG Products normalization)...
Normalized CSG tree has 169 elements
Geometries in cache: 250
Geometry cache size in bytes: 7224992
CGAL Polyhedrons in cache: 23
CGAL cache size in bytes: 90682816
Total rendering time: 0:04:52.288
Compiling design (CSG Products normalization)...
Normalized CSG tree has 169 elements
Geometries in cache: 250
Geometry cache size in bytes: 7229312
CGAL Polyhedrons in cache: 23
CGAL cache size in bytes: 90682816
Total rendering time: 0:04:19.795
Compiling design (CSG Products normalization)...
Normalized CSG tree has 358 elements
Geometries in cache: 166
Geometry cache size in bytes: 4615592
CGAL Polyhedrons in cache: 13
CGAL cache size in bytes: 54721312
Total rendering time: 0:02:16.678
Compiling design (CSG Products normalization)...
Normalized CSG tree has 358 elements
Geometries in cache: 166
Geometry cache size in bytes: 4614584
CGAL Polyhedrons in cache: 13
CGAL cache size in bytes: 54721312
Total rendering time: 0:02:05.629
Compiling design (CSG Products normalization)...
Normalized CSG tree has 358 elements
Geometries in cache: 166
Geometry cache size in bytes: 4615448
CGAL Polyhedrons in cache: 13
CGAL cache size in bytes: 54721312
Total rendering time: 0:02:10.685
Compiling design (CSG Products normalization)...
Normalized CSG tree has 358 elements
Geometries in cache: 166
Geometry cache size in bytes: 4616024
CGAL Polyhedrons in cache: 13
CGAL cache size in bytes: 54721312
Total rendering time: 0:02:18.338
