00:03.391  cycles           | WARNING HIPEW initialization failed: Error opening HIP dynamic library
C:\Users\wonma\Documents\FRIZE\hardware\render_blender\render_studio.py:44: DeprecationWarning: 'World.use_nodes' is expected to be removed in Blender 6.0
  w=bpy.data.worlds.new("frize"); bpy.context.scene.world=w; w.use_nodes=True
C:\Users\wonma\Documents\FRIZE\hardware\render_blender\render_studio.py:56: DeprecationWarning: 'Material.use_nodes' is expected to be removed in Blender 6.0
  m=bpy.data.materials.new("floor"); m.use_nodes=True; b=m.node_tree.nodes['Principled BSDF']
C:\Users\wonma\Documents\FRIZE\hardware\render_blender\render_studio.py:68: DeprecationWarning: 'Material.use_nodes' is expected to be removed in Blender 6.0
  m=bpy.data.materials.new(name); m.use_nodes=True; return m, m.node_tree.nodes['Principled BSDF']
02:33.594  render           | Saved: 'C:\Users\wonma\Documents\FRIZE\hardware\renders_studio\scout.png'
05:20.297  render           | Saved: 'C:\Users\wonma\Documents\FRIZE\hardware\renders_studio\console.png'
08:06.375  render           | Saved: 'C:\Users\wonma\Documents\FRIZE\hardware\renders_studio\visor.png'
10:47.391  render           | Saved: 'C:\Users\wonma\Documents\FRIZE\hardware\renders_studio\vent.png'
[render] GPU: OPTIX
[render] scout
[render] console
[render] visor
[render] vent
[done] all renders
Blender 5.1.2 (hash ec6e62d40fa9 built 2026-05-19 01:37:34)
Timer 'STL Import' took 67.52 ms
Timer 'STL Import' took 4.08 ms
Timer 'STL Import' took 1.66 ms
Timer 'STL Import' took 8.62 ms
Timer 'STL Import' took 3.99 ms
Timer 'STL Import' took 11.31 ms
Timer 'STL Import' took 22.38 ms
Timer 'STL Import' took 28.84 ms

Blender quit
